<?xml version="1.0" encoding="UTF-8"?>
<testng-results ignored="0" total="4" passed="4" failed="0" skipped="0">
  <reporter-output>
  </reporter-output>
  <suite started-at="2024-07-28T17:54:36 EDT" name="smoke" finished-at="2024-07-28T17:55:03 EDT" duration-ms="27365">
    <groups>
    </groups>
    <test started-at="2024-07-28T17:54:36 EDT" name="InfyniInternProject2024" finished-at="2024-07-28T17:55:03 EDT" duration-ms="27365">
      <class name="TestCases.CoursesTestcase">
        <test-method signature="Courses()[pri:3, instance:TestCases.CoursesTestcase@2ddc8ecb]" started-at="2024-07-28T17:54:57 EDT" name="Courses" finished-at="2024-07-28T17:55:02 EDT" duration-ms="5155" status="PASS">
          <reporter-output>
          </reporter-output>
        </test-method> <!-- Courses -->
      </class> <!-- TestCases.CoursesTestcase -->
      <class name="TestCases.LoginTestCase">
        <test-method signature="Login()[pri:1, instance:TestCases.LoginTestCase@27ae2fd0]" started-at="2024-07-28T17:54:36 EDT" name="Login" finished-at="2024-07-28T17:54:53 EDT" duration-ms="16344" status="PASS">
          <reporter-output>
          </reporter-output>
        </test-method> <!-- Login -->
      </class> <!-- TestCases.LoginTestCase -->
      <class name="TestCases.DashBoardTestcase">
        <test-method signature="dashBoard()[pri:2, instance:TestCases.DashBoardTestcase@6973bf95]" started-at="2024-07-28T17:54:53 EDT" name="dashBoard" finished-at="2024-07-28T17:54:57 EDT" duration-ms="4064" status="PASS">
          <reporter-output>
          </reporter-output>
        </test-method> <!-- dashBoard -->
      </class> <!-- TestCases.DashBoardTestcase -->
      <class name="TestCases.LogoutTestcase">
        <test-method signature="LogoutPage()[pri:4, instance:TestCases.LogoutTestcase@229d10bd]" started-at="2024-07-28T17:55:02 EDT" name="LogoutPage" finished-at="2024-07-28T17:55:03 EDT" duration-ms="1658" status="PASS">
          <reporter-output>
          </reporter-output>
        </test-method> <!-- LogoutPage -->
      </class> <!-- TestCases.LogoutTestcase -->
    </test> <!-- InfyniInternProject2024 -->
  </suite> <!-- smoke -->
</testng-results>
